d:\drive\magshimim\101 c++\gallery\debug\vc143.pdb
d:\drive\magshimim\101 c++\gallery\debug\vc143.idb
d:\drive\magshimim\101 c++\gallery\debug\gallery.obj
d:\drive\magshimim\101 c++\gallery\debug\user.obj
d:\drive\magshimim\101 c++\gallery\debug\picture.obj
d:\drive\magshimim\101 c++\gallery\debug\memoryaccess.obj
d:\drive\magshimim\101 c++\gallery\debug\albummanager.obj
d:\drive\magshimim\101 c++\gallery\debug\album.obj
d:\drive\magshimim\101 c++\gallery\debug\gallery.ilk
d:\drive\magshimim\101 c++\gallery\debug\gallery.exe
d:\drive\magshimim\101 c++\gallery\debug\gallery.pdb
d:\drive\magshimim\101 c++\yahav\gallery\debug\album.obj
d:\drive\magshimim\101 c++\yahav\gallery\debug\albummanager.obj
d:\drive\magshimim\101 c++\yahav\gallery\debug\gallery.obj
d:\drive\magshimim\101 c++\yahav\gallery\debug\memoryaccess.obj
d:\drive\magshimim\101 c++\yahav\gallery\debug\picture.obj
d:\drive\magshimim\101 c++\yahav\gallery\debug\user.obj
d:\drive\magshimim\101 c++\yahav\gallery\debug\gallery.ilk
d:\drive\magshimim\101 c++\yahav\gallery\debug\vc143.idb
d:\drive\magshimim\101 c++\yahav\gallery\debug\gallery.pdb
d:\drive\magshimim\101 c++\yahav\gallery\debug\vc143.pdb
d:\drive\magshimim\101 c++\yahav\gallery\debug\gallery.exe
d:\drive\magshimim\101 c++\yahav\gallery\debug\gallery.tlog\cl.command.1.tlog
d:\drive\magshimim\101 c++\yahav\gallery\debug\gallery.tlog\cl.read.1.tlog
d:\drive\magshimim\101 c++\yahav\gallery\debug\gallery.tlog\cl.write.1.tlog
d:\drive\magshimim\101 c++\yahav\gallery\debug\gallery.tlog\link.command.1.tlog
d:\drive\magshimim\101 c++\yahav\gallery\debug\gallery.tlog\link.read.1.tlog
d:\drive\magshimim\101 c++\yahav\gallery\debug\gallery.tlog\link.write.1.tlog
